<?xml version="1.0" encoding="UTF-8"?>
<!-- Generated by org.testng.reporters.JUnitReportReporter -->
<testsuite hostname="DESKTOP-MOEREO5" failures="0" tests="15" name="udemyteng.firsttest" time="0.045" errors="0" timestamp="2022-03-04T19:16:15 IST" skipped="2">
  <testcase classname="udemyteng.firsttest" name="jingalala" time="0.009"/>
  <system-out/>
  <testcase classname="udemyteng.firsttest" name="kilo" time="0.002"/>
  <system-out/>
  <testcase classname="udemyteng.firsttest" name="zilos" time="0.004"/>
  <system-out/>
  <testcase classname="udemyteng.firsttest" name="zilos" time="0.003"/>
  <system-out/>
  <testcase classname="udemyteng.firsttest" name="kilo" time="0.002"/>
  <system-out/>
  <testcase classname="udemyteng.firsttest" name="kilo" time="0.002"/>
  <system-out/>
  <testcase classname="udemyteng.firsttest" name="zilos" time="0.005"/>
  <system-out/>
  <testcase classname="udemyteng.firsttest" name="kilo" time="0.002"/>
  <system-out/>
  <testcase classname="udemyteng.firsttest" name="zilos" time="0.002"/>
  <system-out/>
  <testcase classname="udemyteng.firsttest" name="kilo" time="0.002"/>
  <system-out/>
  <testcase classname="udemyteng.firsttest" name="kilo" time="0.001"/>
  <system-out/>
  <testcase classname="udemyteng.firsttest" name="zilos" time="0.003"/>
  <system-out/>
  <testcase classname="udemyteng.firsttest" name="zilos" time="0.008"/>
  <system-out/>
  <testcase classname="udemyteng.firsttest" name="kolosj">
    <skipped/>
  </testcase> <!-- kolosj -->
  <system-out/>
  <testcase classname="udemyteng.firsttest" name="kolosj">
    <skipped/>
  </testcase> <!-- kolosj -->
  <system-out/>
</testsuite> <!-- udemyteng.firsttest -->
