<?xml version="1.0" encoding="UTF-8"?>
<!-- Generated by org.testng.reporters.JUnitReportReporter -->
<testsuite hostname="DESKTOP-MOEREO5" failures="0" tests="1" name="udemyteng.Secondtest" time="0.002" errors="0" timestamp="2022-03-04T19:16:15 IST" skipped="0">
  <testcase classname="udemyteng.Secondtest" name="data" time="0.002"/>
  <system-out/>
</testsuite> <!-- udemyteng.Secondtest -->
